<?xml version="1.0" encoding="UTF-8"?>
<!-- Generated by org.testng.reporters.JUnitReportReporter -->
<testsuite skipped="0" hostname="DESKTOP-6P9OP5M" name="datadriven.creatingexcelTest" tests="1" failures="0" timestamp="2019-10-02T20:34:24 IST" time="1.791" errors="0">
  <testcase name="f" time="1.791" classname="datadriven.creatingexcelTest"/>
</testsuite> <!-- datadriven.creatingexcelTest -->
